<?xml version="1.0" encoding="UTF-8"?>
<!-- Generated by org.testng.reporters.JUnitReportReporter -->
<testsuite hostname="LAPTOP-6RQ1AS2M" failures="0" tests="1" name="TEST.BMW" time="3.988" errors="0" timestamp="2022-12-07T11:29:23 IST" skipped="0">
  <testcase classname="TEST.BMW" name="Browsersetup" time="3.988"/>
  <system-out/>
</testsuite> <!-- TEST.BMW -->
