<?xml version="1.0" encoding="UTF-8"?>
<!-- Generated by org.testng.reporters.JUnitReportReporter -->
<testsuite hostname="LAPTOP-6RQ1AS2M" failures="0" tests="1" name="TEST.BMW_TEST" time="9.540" errors="0" timestamp="2022-12-12T17:03:35 IST" skipped="0">
  <testcase classname="TEST.BMW_TEST" name="Browsersetup" time="9.540"/>
  <system-out/>
</testsuite> <!-- TEST.BMW_TEST -->
