<?xml version="1.0" encoding="UTF-8"?>
<!-- Generated by org.testng.reporters.JUnitReportReporter -->
<testsuite hostname="LAPTOP-6RQ1AS2M" failures="0" tests="1" name="TEST.Ducati_Test" time="13.828" errors="0" timestamp="2022-12-12T17:03:35 IST" skipped="0">
  <testcase classname="TEST.Ducati_Test" name="Browsersetup" time="13.828"/>
  <system-out/>
</testsuite> <!-- TEST.Ducati_Test -->
