<?xml version="1.0" encoding="UTF-8"?>
<!-- Generated by org.testng.reporters.JUnitReportReporter -->
<testsuite hostname="LAPTOP-6RQ1AS2M" failures="0" tests="1" name="TEST.TVS_TEST" time="14.638" errors="0" timestamp="2022-12-07T14:50:43 IST" skipped="0">
  <testcase classname="TEST.TVS_TEST" name="Browsersetup" time="14.638"/>
  <system-out/>
</testsuite> <!-- TEST.TVS_TEST -->
