<?xml version="1.0" encoding="UTF-8"?>
<!-- Generated by org.testng.reporters.JUnitReportReporter -->
<testsuite hostname="LAPTOP-6RQ1AS2M" failures="0" tests="1" name="TEST.TVS_TEST" time="25.333" errors="0" timestamp="2022-12-12T17:03:35 IST" skipped="0">
  <testcase classname="TEST.TVS_TEST" name="Browsersetup" time="25.333"/>
  <system-out/>
</testsuite> <!-- TEST.TVS_TEST -->
