<?xml version="1.0" encoding="UTF-8"?>
<!-- Generated by org.testng.reporters.JUnitReportReporter -->
<testsuite hostname="LAPTOP-6RQ1AS2M" failures="0" tests="1" name="TEST.KTM_Test" time="29.170" errors="0" timestamp="2022-12-12T17:03:35 IST" skipped="0">
  <testcase classname="TEST.KTM_Test" name="Browsersetup" time="29.170"/>
  <system-out/>
</testsuite> <!-- TEST.KTM_Test -->
